实际特征维度: 302
E005 | Ltr 0.28  Acc 0.855  AUC 0.994 | Val Acc 0.387  AUC 0.715
E010 | Ltr 0.16  Acc 0.968  AUC 0.997 | Val Acc 0.387  AUC 0.715
E015 | Ltr 0.06  Acc 1.000  AUC 1.000 | Val Acc 0.419  AUC 0.741
E020 | Ltr 0.04  Acc 1.000  AUC 1.000 | Val Acc 0.516  AUC 0.732
E025 | Ltr 0.02  Acc 1.000  AUC 1.000 | Val Acc 0.710  AUC 0.732
E030 | Ltr 0.01  Acc 1.000  AUC 1.000 | Val Acc 0.742  AUC 0.732
E035 | Ltr 0.00  Acc 1.000  AUC 1.000 | Val Acc 0.742  AUC 0.732
E040 | Ltr 0.00  Acc 1.000  AUC 1.000 | Val Acc 0.742  AUC 0.741
E045 | Ltr 0.00  Acc 1.000  AUC 1.000 | Val Acc 0.742  AUC 0.741
E050 | Ltr 0.00  Acc 1.000  AUC 1.000 | Val Acc 0.710  AUC 0.754
>>> Test  Acc 0.8643  F1 0.8636  AUC 0.9247

ERRORS:

  0%|          | 0/50 [00:00<?, ?it/s]
  2%|▏         | 1/50 [00:00<00:15,  3.12it/s]
  4%|▍         | 2/50 [00:00<00:20,  2.33it/s]
  6%|▌         | 3/50 [00:01<00:26,  1.77it/s]
  8%|▊         | 4/50 [00:01<00:18,  2.53it/s]
 10%|█         | 5/50 [00:02<00:20,  2.23it/s]
 12%|█▏        | 6/50 [00:02<00:20,  2.18it/s]
 14%|█▍        | 7/50 [00:03<00:22,  1.88it/s]
 16%|█▌        | 8/50 [00:04<00:24,  1.74it/s]
 18%|█▊        | 9/50 [00:04<00:22,  1.82it/s]
 20%|██        | 10/50 [00:05<00:24,  1.66it/s]
 22%|██▏       | 11/50 [00:05<00:24,  1.58it/s]
 24%|██▍       | 12/50 [00:06<00:22,  1.69it/s]
 26%|██▌       | 13/50 [00:07<00:23,  1.58it/s]
 28%|██▊       | 14/50 [00:07<00:21,  1.68it/s]
 30%|███       | 15/50 [00:08<00:22,  1.59it/s]
 32%|███▏      | 16/50 [00:08<00:20,  1.68it/s]
 34%|███▍      | 17/50 [00:09<00:19,  1.67it/s]
 36%|███▌      | 18/50 [00:10<00:18,  1.70it/s]
 38%|███▊      | 19/50 [00:10<00:16,  1.93it/s]
 40%|████      | 20/50 [00:10<00:15,  1.93it/s]
 42%|████▏     | 21/50 [00:11<00:14,  1.98it/s]
 44%|████▍     | 22/50 [00:12<00:15,  1.75it/s]
 46%|████▌     | 23/50 [00:12<00:16,  1.63it/s]
 48%|████▊     | 24/50 [00:13<00:15,  1.70it/s]
 50%|█████     | 25/50 [00:14<00:15,  1.64it/s]
 52%|█████▏    | 26/50 [00:14<00:13,  1.72it/s]
 54%|█████▍    | 27/50 [00:15<00:12,  1.79it/s]
 56%|█████▌    | 28/50 [00:15<00:12,  1.83it/s]
 58%|█████▊    | 29/50 [00:16<00:12,  1.69it/s]
 60%|██████    | 30/50 [00:17<00:12,  1.60it/s]
 62%|██████▏   | 31/50 [00:17<00:11,  1.60it/s]
 64%|██████▍   | 32/50 [00:18<00:10,  1.68it/s]
 66%|██████▌   | 33/50 [00:18<00:09,  1.76it/s]
 68%|██████▊   | 34/50 [00:19<00:08,  1.84it/s]
 70%|███████   | 35/50 [00:19<00:07,  1.90it/s]
 72%|███████▏  | 36/50 [00:19<00:06,  2.15it/s]
 74%|███████▍  | 37/50 [00:20<00:06,  2.14it/s]
 76%|███████▌  | 38/50 [00:21<00:06,  1.96it/s]
 78%|███████▊  | 39/50 [00:21<00:06,  1.74it/s]
 80%|████████  | 40/50 [00:22<00:05,  1.81it/s]
 82%|████████▏ | 41/50 [00:22<00:04,  1.82it/s]
 84%|████████▍ | 42/50 [00:23<00:04,  1.82it/s]
 86%|████████▌ | 43/50 [00:23<00:03,  1.84it/s]
 88%|████████▊ | 44/50 [00:24<00:03,  1.70it/s]
 90%|█████████ | 45/50 [00:25<00:03,  1.62it/s]
 92%|█████████▏| 46/50 [00:25<00:02,  1.91it/s]
 94%|█████████▍| 47/50 [00:26<00:01,  1.74it/s]
 96%|█████████▌| 48/50 [00:26<00:01,  1.62it/s]
 98%|█████████▊| 49/50 [00:27<00:00,  1.55it/s]
100%|██████████| 50/50 [00:28<00:00,  1.59it/s]
100%|██████████| 50/50 [00:28<00:00,  1.77it/s]
