实际特征维度: 302
E005 | Ltr 0.23  Acc 0.984  AUC 0.989 | Val Acc 0.516  AUC 0.904
E010 | Ltr 0.08  Acc 1.000  AUC 1.000 | Val Acc 0.484  AUC 0.877
E015 | Ltr 0.05  Acc 1.000  AUC 1.000 | Val Acc 0.452  AUC 0.882
E020 | Ltr 0.03  Acc 1.000  AUC 1.000 | Val Acc 0.581  AUC 0.860
E025 | Ltr 0.01  Acc 1.000  AUC 1.000 | Val Acc 0.645  AUC 0.855
E030 | Ltr 0.01  Acc 1.000  AUC 1.000 | Val Acc 0.613  AUC 0.886
E035 | Ltr 0.00  Acc 1.000  AUC 1.000 | Val Acc 0.677  AUC 0.864
E040 | Ltr 0.00  Acc 1.000  AUC 1.000 | Val Acc 0.710  AUC 0.851
E045 | Ltr 0.00  Acc 1.000  AUC 1.000 | Val Acc 0.677  AUC 0.842
E050 | Ltr 0.00  Acc 1.000  AUC 1.000 | Val Acc 0.677  AUC 0.842
>>> Test  Acc 0.8190  F1 0.8176  AUC 0.8855

ERRORS:

  0%|          | 0/50 [00:00<?, ?it/s]
  2%|▏         | 1/50 [00:00<00:15,  3.19it/s]
  4%|▍         | 2/50 [00:00<00:10,  4.64it/s]
  6%|▌         | 3/50 [00:01<00:18,  2.58it/s]
  8%|▊         | 4/50 [00:01<00:21,  2.17it/s]
 10%|█         | 5/50 [00:02<00:24,  1.81it/s]
 12%|█▏        | 6/50 [00:02<00:22,  1.98it/s]
 14%|█▍        | 7/50 [00:03<00:22,  1.89it/s]
 16%|█▌        | 8/50 [00:03<00:22,  1.85it/s]
 18%|█▊        | 9/50 [00:04<00:18,  2.16it/s]
 20%|██        | 10/50 [00:04<00:19,  2.00it/s]
 22%|██▏       | 11/50 [00:05<00:19,  1.97it/s]
 24%|██▍       | 12/50 [00:05<00:20,  1.86it/s]
 26%|██▌       | 13/50 [00:06<00:22,  1.67it/s]
 28%|██▊       | 14/50 [00:07<00:21,  1.66it/s]
 30%|███       | 15/50 [00:07<00:16,  2.08it/s]
 32%|███▏      | 16/50 [00:08<00:17,  1.98it/s]
 34%|███▍      | 17/50 [00:08<00:18,  1.75it/s]
 36%|███▌      | 18/50 [00:09<00:18,  1.73it/s]
 38%|███▊      | 19/50 [00:09<00:16,  1.89it/s]
 40%|████      | 20/50 [00:10<00:16,  1.83it/s]
 42%|████▏     | 21/50 [00:10<00:16,  1.79it/s]
 44%|████▍     | 22/50 [00:11<00:15,  1.83it/s]
 46%|████▌     | 23/50 [00:12<00:15,  1.78it/s]
 48%|████▊     | 24/50 [00:12<00:16,  1.58it/s]
 50%|█████     | 25/50 [00:13<00:14,  1.67it/s]
 52%|█████▏    | 26/50 [00:14<00:15,  1.53it/s]
 54%|█████▍    | 27/50 [00:14<00:14,  1.58it/s]
 56%|█████▌    | 28/50 [00:15<00:13,  1.61it/s]
 58%|█████▊    | 29/50 [00:15<00:12,  1.64it/s]
 60%|██████    | 30/50 [00:16<00:11,  1.82it/s]
 62%|██████▏   | 31/50 [00:17<00:11,  1.60it/s]
 64%|██████▍   | 32/50 [00:17<00:11,  1.64it/s]
 66%|██████▌   | 33/50 [00:18<00:11,  1.50it/s]
 68%|██████▊   | 34/50 [00:18<00:08,  1.91it/s]
 70%|███████   | 35/50 [00:19<00:08,  1.85it/s]
 72%|███████▏  | 36/50 [00:19<00:07,  1.83it/s]
 74%|███████▍  | 37/50 [00:20<00:07,  1.80it/s]
 76%|███████▌  | 38/50 [00:21<00:07,  1.70it/s]
 78%|███████▊  | 39/50 [00:21<00:06,  1.58it/s]
 80%|████████  | 40/50 [00:22<00:06,  1.65it/s]
 82%|████████▏ | 41/50 [00:22<00:05,  1.80it/s]
 84%|████████▍ | 42/50 [00:22<00:03,  2.25it/s]
 86%|████████▌ | 43/50 [00:23<00:03,  2.31it/s]
 88%|████████▊ | 44/50 [00:24<00:03,  1.81it/s]
 90%|█████████ | 45/50 [00:24<00:03,  1.65it/s]
 92%|█████████▏| 46/50 [00:25<00:02,  1.66it/s]
 94%|█████████▍| 47/50 [00:26<00:01,  1.54it/s]
 96%|█████████▌| 48/50 [00:27<00:01,  1.48it/s]
 98%|█████████▊| 49/50 [00:27<00:00,  1.61it/s]
100%|██████████| 50/50 [00:28<00:00,  1.51it/s]
100%|██████████| 50/50 [00:28<00:00,  1.77it/s]
