Namespace(seed=42, device='cuda:0', dataset='politifact', batch_size=64, lr=0.01, weight_decay=0.01, nhid=128, dropout_ratio=0.0, epochs=50, concat=True, multi_gpu=False, feature='spacy', model='sage', analysis_mode='none', num_classes=2, num_features=300)
loss_train: 0.6933, acc_train: 0.5484, recall_train: 0.0000, auc_train: 0.3386, loss_val: 0.7742, acc_val: 0.3871, recall_val: 0.0000, auc_val: 0.5482
loss_train: 0.6834, acc_train: 0.5645, recall_train: 0.0000, auc_train: 0.7460, loss_val: 0.7168, acc_val: 0.3871, recall_val: 0.0000, auc_val: 0.7412
loss_train: 0.6702, acc_train: 0.5645, recall_train: 0.0000, auc_train: 0.9185, loss_val: 0.6978, acc_val: 0.3871, recall_val: 0.0000, auc_val: 0.7895
loss_train: 0.6566, acc_train: 0.5645, recall_train: 0.0000, auc_train: 0.9026, loss_val: 0.7187, acc_val: 0.3871, recall_val: 0.0000, auc_val: 0.7719
loss_train: 0.6266, acc_train: 0.5645, recall_train: 0.0000, auc_train: 0.9344, loss_val: 0.6771, acc_val: 0.5806, recall_val: 0.3158, auc_val: 0.7895
loss_train: 0.5767, acc_train: 0.7419, recall_train: 0.4444, auc_train: 0.9238, loss_val: 0.7331, acc_val: 0.4516, recall_val: 0.1053, auc_val: 0.8202
loss_train: 0.5183, acc_train: 0.6290, recall_train: 0.1481, auc_train: 0.9672, loss_val: 0.6027, acc_val: 0.6452, recall_val: 0.8947, auc_val: 0.7939
loss_train: 0.5183, acc_train: 0.8065, recall_train: 1.0000, auc_train: 0.8963, loss_val: 0.6433, acc_val: 0.7419, recall_val: 0.5789, auc_val: 0.8289
loss_train: 0.3660, acc_train: 0.9194, recall_train: 0.8519, auc_train: 0.9714, loss_val: 0.8408, acc_val: 0.5806, recall_val: 0.3158, auc_val: 0.8070
loss_train: 0.3577, acc_train: 0.8065, recall_train: 0.5556, auc_train: 0.9915, loss_val: 0.5749, acc_val: 0.6774, recall_val: 0.8947, auc_val: 0.8246
loss_train: 0.3974, acc_train: 0.8387, recall_train: 1.0000, auc_train: 0.9344, loss_val: 0.5717, acc_val: 0.7097, recall_val: 0.7895, auc_val: 0.8070
loss_train: 0.2652, acc_train: 0.9032, recall_train: 1.0000, auc_train: 0.9862, loss_val: 1.0762, acc_val: 0.6129, recall_val: 0.3684, auc_val: 0.8070
loss_train: 0.2778, acc_train: 0.9032, recall_train: 0.7778, auc_train: 0.9968, loss_val: 0.7925, acc_val: 0.7097, recall_val: 0.5789, auc_val: 0.8026
loss_train: 0.1614, acc_train: 0.9516, recall_train: 0.9630, auc_train: 0.9958, loss_val: 0.6575, acc_val: 0.7419, recall_val: 0.7895, auc_val: 0.7939
loss_train: 0.1721, acc_train: 0.9677, recall_train: 1.0000, auc_train: 0.9915, loss_val: 0.6819, acc_val: 0.7097, recall_val: 0.7895, auc_val: 0.7939
loss_train: 0.1664, acc_train: 0.9677, recall_train: 1.0000, auc_train: 0.9915, loss_val: 0.7840, acc_val: 0.7097, recall_val: 0.6842, auc_val: 0.7939
loss_train: 0.1092, acc_train: 0.9516, recall_train: 0.9630, auc_train: 0.9979, loss_val: 1.1778, acc_val: 0.7097, recall_val: 0.5789, auc_val: 0.7807
loss_train: 0.1502, acc_train: 0.9839, recall_train: 0.9630, auc_train: 0.9979, loss_val: 0.8215, acc_val: 0.7419, recall_val: 0.6842, auc_val: 0.7939
loss_train: 0.0792, acc_train: 0.9516, recall_train: 0.9630, auc_train: 0.9979, loss_val: 0.7214, acc_val: 0.6774, recall_val: 0.7895, auc_val: 0.7807
loss_train: 0.1059, acc_train: 0.9677, recall_train: 1.0000, auc_train: 0.9989, loss_val: 0.7269, acc_val: 0.7419, recall_val: 0.7895, auc_val: 0.8026
loss_train: 0.0650, acc_train: 0.9677, recall_train: 1.0000, auc_train: 1.0000, loss_val: 0.9796, acc_val: 0.7097, recall_val: 0.5789, auc_val: 0.7895
loss_train: 0.0867, acc_train: 0.9839, recall_train: 0.9630, auc_train: 1.0000, loss_val: 0.7319, acc_val: 0.7419, recall_val: 0.6842, auc_val: 0.7982
loss_train: 0.0467, acc_train: 1.0000, recall_train: 1.0000, auc_train: 1.0000, loss_val: 0.6607, acc_val: 0.6774, recall_val: 0.7895, auc_val: 0.8070
loss_train: 0.0731, acc_train: 0.9677, recall_train: 1.0000, auc_train: 1.0000, loss_val: 0.6999, acc_val: 0.7742, recall_val: 0.7368, auc_val: 0.8026
loss_train: 0.0423, acc_train: 1.0000, recall_train: 1.0000, auc_train: 1.0000, loss_val: 0.8248, acc_val: 0.7419, recall_val: 0.6316, auc_val: 0.8070
loss_train: 0.0646, acc_train: 1.0000, recall_train: 1.0000, auc_train: 1.0000, loss_val: 0.6442, acc_val: 0.6774, recall_val: 0.7895, auc_val: 0.8158
loss_train: 0.0514, acc_train: 1.0000, recall_train: 1.0000, auc_train: 1.0000, loss_val: 0.6507, acc_val: 0.6774, recall_val: 0.7895, auc_val: 0.8158
loss_train: 0.0484, acc_train: 1.0000, recall_train: 1.0000, auc_train: 1.0000, loss_val: 0.8052, acc_val: 0.7742, recall_val: 0.6842, auc_val: 0.8114
loss_train: 0.0554, acc_train: 1.0000, recall_train: 1.0000, auc_train: 1.0000, loss_val: 0.7044, acc_val: 0.7742, recall_val: 0.7895, auc_val: 0.8070
loss_train: 0.0361, acc_train: 1.0000, recall_train: 1.0000, auc_train: 1.0000, loss_val: 0.6921, acc_val: 0.6452, recall_val: 0.7895, auc_val: 0.8114
loss_train: 0.0509, acc_train: 1.0000, recall_train: 1.0000, auc_train: 1.0000, loss_val: 0.7451, acc_val: 0.7419, recall_val: 0.7368, auc_val: 0.8026
loss_train: 0.0357, acc_train: 1.0000, recall_train: 1.0000, auc_train: 1.0000, loss_val: 0.8130, acc_val: 0.8065, recall_val: 0.7368, auc_val: 0.7939
loss_train: 0.0430, acc_train: 1.0000, recall_train: 1.0000, auc_train: 1.0000, loss_val: 0.7049, acc_val: 0.7097, recall_val: 0.7895, auc_val: 0.8070
loss_train: 0.0414, acc_train: 1.0000, recall_train: 1.0000, auc_train: 1.0000, loss_val: 0.7120, acc_val: 0.7419, recall_val: 0.7895, auc_val: 0.8070
loss_train: 0.0346, acc_train: 1.0000, recall_train: 1.0000, auc_train: 1.0000, loss_val: 0.8342, acc_val: 0.8065, recall_val: 0.7368, auc_val: 0.8026
loss_train: 0.0421, acc_train: 1.0000, recall_train: 1.0000, auc_train: 1.0000, loss_val: 0.7188, acc_val: 0.7419, recall_val: 0.7895, auc_val: 0.8070
loss_train: 0.0320, acc_train: 1.0000, recall_train: 1.0000, auc_train: 1.0000, loss_val: 0.7051, acc_val: 0.7097, recall_val: 0.7895, auc_val: 0.8114
loss_train: 0.0367, acc_train: 1.0000, recall_train: 1.0000, auc_train: 1.0000, loss_val: 0.8139, acc_val: 0.8065, recall_val: 0.7368, auc_val: 0.8114
loss_train: 0.0362, acc_train: 1.0000, recall_train: 1.0000, auc_train: 1.0000, loss_val: 0.7447, acc_val: 0.7742, recall_val: 0.7895, auc_val: 0.8114
loss_train: 0.0292, acc_train: 1.0000, recall_train: 1.0000, auc_train: 1.0000, loss_val: 0.7109, acc_val: 0.7097, recall_val: 0.7895, auc_val: 0.8158
loss_train: 0.0342, acc_train: 1.0000, recall_train: 1.0000, auc_train: 1.0000, loss_val: 0.7901, acc_val: 0.8065, recall_val: 0.7368, auc_val: 0.8114
loss_train: 0.0314, acc_train: 1.0000, recall_train: 1.0000, auc_train: 1.0000, loss_val: 0.7590, acc_val: 0.7742, recall_val: 0.7895, auc_val: 0.8114
loss_train: 0.0287, acc_train: 1.0000, recall_train: 1.0000, auc_train: 1.0000, loss_val: 0.7169, acc_val: 0.7097, recall_val: 0.7895, auc_val: 0.8070
loss_train: 0.0329, acc_train: 1.0000, recall_train: 1.0000, auc_train: 1.0000, loss_val: 0.7843, acc_val: 0.7419, recall_val: 0.7368, auc_val: 0.8070
loss_train: 0.0305, acc_train: 1.0000, recall_train: 1.0000, auc_train: 1.0000, loss_val: 0.7515, acc_val: 0.7742, recall_val: 0.7895, auc_val: 0.8070
loss_train: 0.0284, acc_train: 1.0000, recall_train: 1.0000, auc_train: 1.0000, loss_val: 0.7169, acc_val: 0.7419, recall_val: 0.7895, auc_val: 0.8070
loss_train: 0.0315, acc_train: 1.0000, recall_train: 1.0000, auc_train: 1.0000, loss_val: 0.7912, acc_val: 0.8065, recall_val: 0.7368, auc_val: 0.8070
loss_train: 0.0313, acc_train: 1.0000, recall_train: 1.0000, auc_train: 1.0000, loss_val: 0.7269, acc_val: 0.7419, recall_val: 0.7895, auc_val: 0.8070
loss_train: 0.0286, acc_train: 1.0000, recall_train: 1.0000, auc_train: 1.0000, loss_val: 0.7282, acc_val: 0.7419, recall_val: 0.7895, auc_val: 0.8070
loss_train: 0.0284, acc_train: 1.0000, recall_train: 1.0000, auc_train: 1.0000, loss_val: 0.7876, acc_val: 0.8065, recall_val: 0.7368, auc_val: 0.8026
Test set results: acc: 0.7783, f1_macro: 0.7755, f1_micro: 0.7783, precision: 0.8442, recall: 0.6883, auc: 0.8873, ap: 0.8879

ERRORS:
/home/asu/miniconda3/lib/python3.12/site-packages/torch_geometric/deprecation.py:26: UserWarning: 'data.DataLoader' is deprecated, use 'loader.DataLoader' instead
  warnings.warn(out)

  0%|          | 0/50 [00:00<?, ?it/s]
  2%|▏         | 1/50 [00:00<00:09,  5.18it/s]
  4%|▍         | 2/50 [00:00<00:14,  3.27it/s]
  8%|▊         | 4/50 [00:00<00:09,  4.71it/s]
 10%|█         | 5/50 [00:01<00:10,  4.32it/s]
 14%|█▍        | 7/50 [00:01<00:08,  4.98it/s]
 18%|█▊        | 9/50 [00:01<00:06,  6.05it/s]
 20%|██        | 10/50 [00:02<00:07,  5.16it/s]
 22%|██▏       | 11/50 [00:02<00:07,  5.35it/s]
 26%|██▌       | 13/50 [00:02<00:05,  6.73it/s]
 28%|██▊       | 14/50 [00:02<00:06,  5.20it/s]
 30%|███       | 15/50 [00:02<00:07,  4.66it/s]
 34%|███▍      | 17/50 [00:03<00:07,  4.66it/s]
 40%|████      | 20/50 [00:03<00:05,  5.98it/s]
 42%|████▏     | 21/50 [00:04<00:05,  5.35it/s]
 44%|████▍     | 22/50 [00:04<00:06,  4.31it/s]
 48%|████▊     | 24/50 [00:04<00:05,  4.94it/s]
 50%|█████     | 25/50 [00:05<00:06,  4.15it/s]
 52%|█████▏    | 26/50 [00:05<00:06,  3.97it/s]
 56%|█████▌    | 28/50 [00:05<00:04,  5.32it/s]
 60%|██████    | 30/50 [00:05<00:03,  6.63it/s]
 64%|██████▍   | 32/50 [00:06<00:03,  5.82it/s]
 68%|██████▊   | 34/50 [00:06<00:02,  6.06it/s]
 70%|███████   | 35/50 [00:06<00:02,  5.40it/s]
 72%|███████▏  | 36/50 [00:06<00:02,  5.71it/s]
 76%|███████▌  | 38/50 [00:07<00:02,  5.23it/s]
 80%|████████  | 40/50 [00:07<00:01,  5.70it/s]
 82%|████████▏ | 41/50 [00:07<00:01,  5.09it/s]
 84%|████████▍ | 42/50 [00:08<00:01,  4.70it/s]
 86%|████████▌ | 43/50 [00:08<00:01,  4.42it/s]
 88%|████████▊ | 44/50 [00:08<00:01,  4.22it/s]
 90%|█████████ | 45/50 [00:08<00:01,  4.07it/s]
 92%|█████████▏| 46/50 [00:09<00:01,  3.85it/s]
 96%|█████████▌| 48/50 [00:09<00:00,  4.26it/s]
 98%|█████████▊| 49/50 [00:09<00:00,  4.09it/s]
100%|██████████| 50/50 [00:10<00:00,  3.93it/s]
100%|██████████| 50/50 [00:10<00:00,  4.87it/s]
