实际特征维度: 770
E005 | Ltr 0.28  Acc 0.887  AUC 0.995 | Val Acc 0.548  AUC 0.596
E010 | Ltr 0.12  Acc 1.000  AUC 1.000 | Val Acc 0.613  AUC 0.794
E015 | Ltr 0.05  Acc 1.000  AUC 1.000 | Val Acc 0.516  AUC 0.763
E020 | Ltr 0.02  Acc 1.000  AUC 1.000 | Val Acc 0.774  AUC 0.816
E025 | Ltr 0.01  Acc 1.000  AUC 1.000 | Val Acc 0.677  AUC 0.807
E030 | Ltr 0.01  Acc 1.000  AUC 1.000 | Val Acc 0.710  AUC 0.781
E035 | Ltr 0.01  Acc 1.000  AUC 1.000 | Val Acc 0.742  AUC 0.785
E040 | Ltr 0.00  Acc 1.000  AUC 1.000 | Val Acc 0.806  AUC 0.803
E045 | Ltr 0.00  Acc 1.000  AUC 1.000 | Val Acc 0.774  AUC 0.807
E050 | Ltr 0.00  Acc 1.000  AUC 1.000 | Val Acc 0.774  AUC 0.807
>>> Test  Acc 0.8778  F1 0.8775  AUC 0.9481

ERRORS:

  0%|          | 0/50 [00:00<?, ?it/s]
  2%|▏         | 1/50 [00:00<00:18,  2.70it/s]
  4%|▍         | 2/50 [00:01<00:28,  1.71it/s]
  6%|▌         | 3/50 [00:01<00:30,  1.54it/s]
  8%|▊         | 4/50 [00:02<00:31,  1.46it/s]
 10%|█         | 5/50 [00:03<00:26,  1.69it/s]
 12%|█▏        | 6/50 [00:03<00:28,  1.55it/s]
 14%|█▍        | 7/50 [00:04<00:29,  1.47it/s]
 16%|█▌        | 8/50 [00:05<00:29,  1.43it/s]
 18%|█▊        | 9/50 [00:05<00:29,  1.41it/s]
 20%|██        | 10/50 [00:06<00:28,  1.39it/s]
 22%|██▏       | 11/50 [00:07<00:31,  1.22it/s]
 24%|██▍       | 12/50 [00:08<00:28,  1.33it/s]
 26%|██▌       | 13/50 [00:08<00:20,  1.76it/s]
 28%|██▊       | 14/50 [00:09<00:25,  1.40it/s]
 30%|███       | 15/50 [00:10<00:22,  1.55it/s]
 32%|███▏      | 16/50 [00:10<00:22,  1.49it/s]
 34%|███▍      | 17/50 [00:11<00:25,  1.31it/s]
 36%|███▌      | 18/50 [00:12<00:26,  1.20it/s]
 38%|███▊      | 19/50 [00:13<00:23,  1.30it/s]
 40%|████      | 20/50 [00:13<00:20,  1.48it/s]
 42%|████▏     | 21/50 [00:14<00:19,  1.47it/s]
 44%|████▍     | 22/50 [00:15<00:19,  1.45it/s]
 46%|████▌     | 23/50 [00:16<00:21,  1.23it/s]
 48%|████▊     | 24/50 [00:16<00:15,  1.64it/s]
 50%|█████     | 25/50 [00:17<00:16,  1.49it/s]
 52%|█████▏    | 26/50 [00:18<00:18,  1.28it/s]
 54%|█████▍    | 27/50 [00:19<00:17,  1.30it/s]
 56%|█████▌    | 28/50 [00:19<00:16,  1.33it/s]
 58%|█████▊    | 29/50 [00:20<00:15,  1.34it/s]
 60%|██████    | 30/50 [00:21<00:16,  1.22it/s]
 62%|██████▏   | 31/50 [00:22<00:15,  1.26it/s]
 64%|██████▍   | 32/50 [00:23<00:15,  1.16it/s]
 66%|██████▌   | 33/50 [00:23<00:11,  1.53it/s]
 68%|██████▊   | 34/50 [00:23<00:08,  1.98it/s]
 70%|███████   | 35/50 [00:24<00:08,  1.74it/s]
 72%|███████▏  | 36/50 [00:24<00:07,  1.75it/s]
 74%|███████▍  | 37/50 [00:25<00:08,  1.61it/s]
 76%|███████▌  | 38/50 [00:25<00:06,  2.00it/s]
 78%|███████▊  | 39/50 [00:26<00:05,  1.99it/s]
 80%|████████  | 40/50 [00:26<00:05,  1.92it/s]
 82%|████████▏ | 41/50 [00:27<00:03,  2.45it/s]
 84%|████████▍ | 42/50 [00:27<00:04,  1.98it/s]
 86%|████████▌ | 43/50 [00:27<00:02,  2.49it/s]
 88%|████████▊ | 44/50 [00:28<00:03,  1.72it/s]
 90%|█████████ | 45/50 [00:29<00:02,  2.22it/s]
 92%|█████████▏| 46/50 [00:29<00:01,  2.23it/s]
 94%|█████████▍| 47/50 [00:30<00:01,  1.90it/s]
 96%|█████████▌| 48/50 [00:30<00:01,  1.69it/s]
 98%|█████████▊| 49/50 [00:31<00:00,  1.58it/s]
100%|██████████| 50/50 [00:32<00:00,  1.32it/s]
100%|██████████| 50/50 [00:32<00:00,  1.53it/s]
