实际特征维度: 770
E005 | Ltr 0.28  Acc 0.952  AUC 0.991 | Val Acc 0.742  AUC 0.785
E010 | Ltr 0.10  Acc 1.000  AUC 1.000 | Val Acc 0.742  AUC 0.833
E015 | Ltr 0.05  Acc 1.000  AUC 1.000 | Val Acc 0.677  AUC 0.868
E020 | Ltr 0.02  Acc 1.000  AUC 1.000 | Val Acc 0.806  AUC 0.868
E025 | Ltr 0.01  Acc 1.000  AUC 1.000 | Val Acc 0.677  AUC 0.868
E030 | Ltr 0.01  Acc 1.000  AUC 1.000 | Val Acc 0.806  AUC 0.877
E035 | Ltr 0.00  Acc 1.000  AUC 1.000 | Val Acc 0.806  AUC 0.873
E040 | Ltr 0.00  Acc 1.000  AUC 1.000 | Val Acc 0.774  AUC 0.873
E045 | Ltr 0.00  Acc 1.000  AUC 1.000 | Val Acc 0.806  AUC 0.877
E050 | Ltr 0.00  Acc 1.000  AUC 1.000 | Val Acc 0.806  AUC 0.877
>>> Test  Acc 0.8145  F1 0.8134  AUC 0.8823

ERRORS:

  0%|          | 0/50 [00:00<?, ?it/s]
  2%|▏         | 1/50 [00:00<00:15,  3.13it/s]
  4%|▍         | 2/50 [00:00<00:10,  4.43it/s]
  6%|▌         | 3/50 [00:01<00:21,  2.18it/s]
  8%|▊         | 4/50 [00:01<00:26,  1.73it/s]
 10%|█         | 5/50 [00:02<00:28,  1.59it/s]
 12%|█▏        | 6/50 [00:03<00:24,  1.81it/s]
 14%|█▍        | 7/50 [00:03<00:19,  2.18it/s]
 16%|█▌        | 8/50 [00:03<00:21,  1.98it/s]
 18%|█▊        | 9/50 [00:04<00:25,  1.58it/s]
 20%|██        | 10/50 [00:05<00:26,  1.53it/s]
 22%|██▏       | 11/50 [00:06<00:29,  1.32it/s]
 24%|██▍       | 12/50 [00:07<00:31,  1.22it/s]
 26%|██▌       | 13/50 [00:08<00:32,  1.15it/s]
 28%|██▊       | 14/50 [00:09<00:27,  1.32it/s]
 30%|███       | 15/50 [00:09<00:26,  1.33it/s]
 32%|███▏      | 16/50 [00:10<00:24,  1.38it/s]
 34%|███▍      | 17/50 [00:10<00:18,  1.81it/s]
 36%|███▌      | 18/50 [00:10<00:15,  2.03it/s]
 38%|███▊      | 19/50 [00:11<00:19,  1.59it/s]
 40%|████      | 20/50 [00:12<00:20,  1.43it/s]
 42%|████▏     | 21/50 [00:13<00:20,  1.44it/s]
 44%|████▍     | 22/50 [00:14<00:19,  1.43it/s]
 46%|████▌     | 23/50 [00:15<00:20,  1.30it/s]
 48%|████▊     | 24/50 [00:15<00:19,  1.32it/s]
 50%|█████     | 25/50 [00:16<00:18,  1.33it/s]
 52%|█████▏    | 26/50 [00:17<00:17,  1.36it/s]
 54%|█████▍    | 27/50 [00:17<00:17,  1.35it/s]
 56%|█████▌    | 28/50 [00:18<00:15,  1.40it/s]
 58%|█████▊    | 29/50 [00:19<00:13,  1.54it/s]
 60%|██████    | 30/50 [00:19<00:10,  1.84it/s]
 62%|██████▏   | 31/50 [00:20<00:12,  1.53it/s]
 64%|██████▍   | 32/50 [00:20<00:11,  1.61it/s]
 66%|██████▌   | 33/50 [00:21<00:12,  1.38it/s]
 68%|██████▊   | 34/50 [00:22<00:12,  1.29it/s]
 70%|███████   | 35/50 [00:23<00:10,  1.41it/s]
 72%|███████▏  | 36/50 [00:24<00:10,  1.38it/s]
 74%|███████▍  | 37/50 [00:24<00:09,  1.37it/s]
 76%|███████▌  | 38/50 [00:25<00:08,  1.40it/s]
 78%|███████▊  | 39/50 [00:25<00:06,  1.83it/s]
 80%|████████  | 40/50 [00:26<00:06,  1.65it/s]
 82%|████████▏ | 41/50 [00:27<00:05,  1.55it/s]
 84%|████████▍ | 42/50 [00:27<00:05,  1.46it/s]
 86%|████████▌ | 43/50 [00:28<00:04,  1.43it/s]
 88%|████████▊ | 44/50 [00:28<00:03,  1.86it/s]
 90%|█████████ | 45/50 [00:28<00:02,  2.36it/s]
 92%|█████████▏| 46/50 [00:29<00:01,  2.40it/s]
 94%|█████████▍| 47/50 [00:29<00:01,  2.86it/s]
 96%|█████████▌| 48/50 [00:29<00:00,  3.44it/s]
 98%|█████████▊| 49/50 [00:30<00:00,  2.80it/s]
100%|██████████| 50/50 [00:30<00:00,  2.10it/s]
100%|██████████| 50/50 [00:30<00:00,  1.61it/s]
