Namespace(seed=43, device='cuda:0', dataset='politifact', batch_size=64, lr=0.01, weight_decay=0.01, nhid=128, dropout_ratio=0.0, epochs=50, concat=True, multi_gpu=False, feature='bert', model='sage', analysis_mode='none', num_classes=2, num_features=768)
loss_train: 0.6904, acc_train: 0.5645, recall_train: 0.7647, auc_train: 0.5683, loss_val: 3.1204, acc_val: 0.3871, recall_val: 1.0000, auc_val: 0.6974
loss_train: 2.1646, acc_train: 0.5484, recall_train: 1.0000, auc_train: 0.8650, loss_val: 0.6658, acc_val: 0.6129, recall_val: 0.0000, auc_val: 0.5570
loss_train: 0.7301, acc_train: 0.4516, recall_train: 0.0000, auc_train: 0.7038, loss_val: 0.6633, acc_val: 0.6129, recall_val: 0.0000, auc_val: 0.6930
loss_train: 0.6832, acc_train: 0.4516, recall_train: 0.0000, auc_train: 0.8729, loss_val: 0.8103, acc_val: 0.3871, recall_val: 1.0000, auc_val: 0.7193
loss_train: 0.6902, acc_train: 0.5484, recall_train: 1.0000, auc_train: 0.8540, loss_val: 0.6846, acc_val: 0.4516, recall_val: 0.9167, auc_val: 0.7719
loss_train: 0.6368, acc_train: 0.8226, recall_train: 0.9412, auc_train: 0.9433, loss_val: 0.6398, acc_val: 0.8065, recall_val: 0.5000, auc_val: 0.7544
loss_train: 0.6209, acc_train: 0.6452, recall_train: 0.3529, auc_train: 0.9380, loss_val: 0.7226, acc_val: 0.3871, recall_val: 1.0000, auc_val: 0.7895
loss_train: 0.5677, acc_train: 0.7097, recall_train: 1.0000, auc_train: 0.9601, loss_val: 0.6582, acc_val: 0.6129, recall_val: 0.9167, auc_val: 0.7851
loss_train: 0.4983, acc_train: 0.9032, recall_train: 0.9412, auc_train: 0.9622, loss_val: 0.6095, acc_val: 0.6774, recall_val: 0.8333, auc_val: 0.7807
loss_train: 0.4174, acc_train: 0.8871, recall_train: 0.8824, auc_train: 0.9632, loss_val: 0.9347, acc_val: 0.3871, recall_val: 0.9167, auc_val: 0.8026
loss_train: 0.3900, acc_train: 0.8065, recall_train: 1.0000, auc_train: 0.9748, loss_val: 0.5584, acc_val: 0.8065, recall_val: 0.5000, auc_val: 0.7895
loss_train: 0.5203, acc_train: 0.7258, recall_train: 0.5000, auc_train: 0.9727, loss_val: 0.7698, acc_val: 0.5806, recall_val: 0.9167, auc_val: 0.8026
loss_train: 0.2498, acc_train: 0.9194, recall_train: 0.9706, auc_train: 0.9821, loss_val: 1.2773, acc_val: 0.3871, recall_val: 0.9167, auc_val: 0.8070
loss_train: 0.3850, acc_train: 0.7903, recall_train: 1.0000, auc_train: 0.9863, loss_val: 0.6351, acc_val: 0.7097, recall_val: 0.9167, auc_val: 0.8026
loss_train: 0.1930, acc_train: 0.9355, recall_train: 0.9412, auc_train: 0.9895, loss_val: 0.5422, acc_val: 0.8065, recall_val: 0.5833, auc_val: 0.7851
loss_train: 0.3067, acc_train: 0.8548, recall_train: 0.7353, auc_train: 0.9895, loss_val: 0.5993, acc_val: 0.7097, recall_val: 0.8333, auc_val: 0.8026
loss_train: 0.1671, acc_train: 0.9355, recall_train: 0.9118, auc_train: 0.9926, loss_val: 1.0483, acc_val: 0.4516, recall_val: 0.9167, auc_val: 0.8158
loss_train: 0.2014, acc_train: 0.9355, recall_train: 1.0000, auc_train: 0.9937, loss_val: 1.0385, acc_val: 0.4839, recall_val: 0.9167, auc_val: 0.8202
loss_train: 0.1759, acc_train: 0.9355, recall_train: 1.0000, auc_train: 0.9968, loss_val: 0.6198, acc_val: 0.6774, recall_val: 0.7500, auc_val: 0.8158
loss_train: 0.1141, acc_train: 0.9516, recall_train: 0.9412, auc_train: 0.9979, loss_val: 0.5765, acc_val: 0.7419, recall_val: 0.6667, auc_val: 0.8070
loss_train: 0.1500, acc_train: 0.9516, recall_train: 0.9118, auc_train: 0.9989, loss_val: 0.6636, acc_val: 0.6774, recall_val: 0.7500, auc_val: 0.8202
loss_train: 0.0775, acc_train: 0.9677, recall_train: 0.9706, auc_train: 0.9989, loss_val: 0.9963, acc_val: 0.5484, recall_val: 0.9167, auc_val: 0.8333
loss_train: 0.0972, acc_train: 0.9677, recall_train: 1.0000, auc_train: 1.0000, loss_val: 0.9043, acc_val: 0.6452, recall_val: 0.9167, auc_val: 0.8377
loss_train: 0.0689, acc_train: 0.9839, recall_train: 1.0000, auc_train: 1.0000, loss_val: 0.6471, acc_val: 0.7097, recall_val: 0.7500, auc_val: 0.8289
loss_train: 0.0472, acc_train: 1.0000, recall_train: 1.0000, auc_train: 1.0000, loss_val: 0.5967, acc_val: 0.7419, recall_val: 0.6667, auc_val: 0.8246
loss_train: 0.0634, acc_train: 1.0000, recall_train: 1.0000, auc_train: 1.0000, loss_val: 0.6629, acc_val: 0.7419, recall_val: 0.8333, auc_val: 0.8333
loss_train: 0.0308, acc_train: 1.0000, recall_train: 1.0000, auc_train: 1.0000, loss_val: 0.9170, acc_val: 0.6129, recall_val: 0.8333, auc_val: 0.8246
loss_train: 0.0399, acc_train: 1.0000, recall_train: 1.0000, auc_train: 1.0000, loss_val: 0.8702, acc_val: 0.6774, recall_val: 0.8333, auc_val: 0.8289
loss_train: 0.0309, acc_train: 1.0000, recall_train: 1.0000, auc_train: 1.0000, loss_val: 0.6408, acc_val: 0.7097, recall_val: 0.8333, auc_val: 0.8333
loss_train: 0.0208, acc_train: 1.0000, recall_train: 1.0000, auc_train: 1.0000, loss_val: 0.5842, acc_val: 0.8065, recall_val: 0.8333, auc_val: 0.8333
loss_train: 0.0290, acc_train: 1.0000, recall_train: 1.0000, auc_train: 1.0000, loss_val: 0.6503, acc_val: 0.7097, recall_val: 0.8333, auc_val: 0.8333
loss_train: 0.0165, acc_train: 1.0000, recall_train: 1.0000, auc_train: 1.0000, loss_val: 0.8538, acc_val: 0.6774, recall_val: 0.8333, auc_val: 0.8333
loss_train: 0.0211, acc_train: 1.0000, recall_train: 1.0000, auc_train: 1.0000, loss_val: 0.7990, acc_val: 0.6774, recall_val: 0.8333, auc_val: 0.8377
loss_train: 0.0165, acc_train: 1.0000, recall_train: 1.0000, auc_train: 1.0000, loss_val: 0.6329, acc_val: 0.7419, recall_val: 0.8333, auc_val: 0.8465
loss_train: 0.0143, acc_train: 1.0000, recall_train: 1.0000, auc_train: 1.0000, loss_val: 0.6000, acc_val: 0.7742, recall_val: 0.8333, auc_val: 0.8509
loss_train: 0.0172, acc_train: 1.0000, recall_train: 1.0000, auc_train: 1.0000, loss_val: 0.7229, acc_val: 0.7097, recall_val: 0.8333, auc_val: 0.8509
loss_train: 0.0119, acc_train: 1.0000, recall_train: 1.0000, auc_train: 1.0000, loss_val: 0.9088, acc_val: 0.6129, recall_val: 0.8333, auc_val: 0.8509
loss_train: 0.0162, acc_train: 1.0000, recall_train: 1.0000, auc_train: 1.0000, loss_val: 0.7878, acc_val: 0.6774, recall_val: 0.8333, auc_val: 0.8465
loss_train: 0.0120, acc_train: 1.0000, recall_train: 1.0000, auc_train: 1.0000, loss_val: 0.6631, acc_val: 0.7419, recall_val: 0.8333, auc_val: 0.8421
loss_train: 0.0156, acc_train: 1.0000, recall_train: 1.0000, auc_train: 1.0000, loss_val: 0.7671, acc_val: 0.7097, recall_val: 0.8333, auc_val: 0.8421
loss_train: 0.0125, acc_train: 1.0000, recall_train: 1.0000, auc_train: 1.0000, loss_val: 0.9537, acc_val: 0.6129, recall_val: 0.8333, auc_val: 0.8421
loss_train: 0.0155, acc_train: 1.0000, recall_train: 1.0000, auc_train: 1.0000, loss_val: 0.8121, acc_val: 0.6774, recall_val: 0.8333, auc_val: 0.8333
loss_train: 0.0132, acc_train: 1.0000, recall_train: 1.0000, auc_train: 1.0000, loss_val: 0.7341, acc_val: 0.6774, recall_val: 0.8333, auc_val: 0.8246
loss_train: 0.0155, acc_train: 1.0000, recall_train: 1.0000, auc_train: 1.0000, loss_val: 0.8824, acc_val: 0.6452, recall_val: 0.8333, auc_val: 0.8289
loss_train: 0.0141, acc_train: 1.0000, recall_train: 1.0000, auc_train: 1.0000, loss_val: 0.8913, acc_val: 0.6452, recall_val: 0.8333, auc_val: 0.8289
loss_train: 0.0144, acc_train: 1.0000, recall_train: 1.0000, auc_train: 1.0000, loss_val: 0.7135, acc_val: 0.7097, recall_val: 0.8333, auc_val: 0.8377
loss_train: 0.0158, acc_train: 1.0000, recall_train: 1.0000, auc_train: 1.0000, loss_val: 0.8547, acc_val: 0.6452, recall_val: 0.8333, auc_val: 0.8377
loss_train: 0.0142, acc_train: 1.0000, recall_train: 1.0000, auc_train: 1.0000, loss_val: 0.8273, acc_val: 0.6452, recall_val: 0.8333, auc_val: 0.8377
loss_train: 0.0139, acc_train: 1.0000, recall_train: 1.0000, auc_train: 1.0000, loss_val: 0.6934, acc_val: 0.7419, recall_val: 0.8333, auc_val: 0.8377
loss_train: 0.0152, acc_train: 1.0000, recall_train: 1.0000, auc_train: 1.0000, loss_val: 0.8683, acc_val: 0.6452, recall_val: 0.8333, auc_val: 0.8289
Test set results: acc: 0.7919, f1_macro: 0.7885, f1_micro: 0.7919, precision: 0.7403, recall: 0.9017, auc: 0.8925, ap: 0.8779

ERRORS:
/home/asu/miniconda3/lib/python3.12/site-packages/torch_geometric/deprecation.py:26: UserWarning: 'data.DataLoader' is deprecated, use 'loader.DataLoader' instead
  warnings.warn(out)

  0%|          | 0/50 [00:00<?, ?it/s]
  2%|▏         | 1/50 [00:00<00:08,  5.75it/s]
  4%|▍         | 2/50 [00:00<00:14,  3.30it/s]
  8%|▊         | 4/50 [00:00<00:06,  6.74it/s]
 12%|█▏        | 6/50 [00:00<00:05,  8.55it/s]
 16%|█▌        | 8/50 [00:01<00:06,  6.39it/s]
 18%|█▊        | 9/50 [00:01<00:05,  6.88it/s]
 20%|██        | 10/50 [00:01<00:08,  4.86it/s]
 24%|██▍       | 12/50 [00:02<00:08,  4.73it/s]
 26%|██▌       | 13/50 [00:02<00:07,  5.09it/s]
 28%|██▊       | 14/50 [00:02<00:08,  4.13it/s]
 30%|███       | 15/50 [00:03<00:09,  3.58it/s]
 36%|███▌      | 18/50 [00:03<00:05,  6.27it/s]
 38%|███▊      | 19/50 [00:03<00:06,  4.91it/s]
 40%|████      | 20/50 [00:04<00:07,  4.12it/s]
 44%|████▍     | 22/50 [00:04<00:05,  4.96it/s]
 46%|████▌     | 23/50 [00:04<00:06,  4.20it/s]
 50%|█████     | 25/50 [00:04<00:04,  5.87it/s]
 54%|█████▍    | 27/50 [00:05<00:04,  5.25it/s]
 60%|██████    | 30/50 [00:05<00:02,  7.69it/s]
 64%|██████▍   | 32/50 [00:05<00:02,  6.56it/s]
 66%|██████▌   | 33/50 [00:06<00:03,  5.23it/s]
 70%|███████   | 35/50 [00:06<00:02,  6.89it/s]
 74%|███████▍  | 37/50 [00:06<00:02,  5.55it/s]
 76%|███████▌  | 38/50 [00:06<00:02,  5.99it/s]
 78%|███████▊  | 39/50 [00:07<00:01,  6.08it/s]
 80%|████████  | 40/50 [00:07<00:02,  4.68it/s]
 82%|████████▏ | 41/50 [00:07<00:02,  3.90it/s]
 88%|████████▊ | 44/50 [00:08<00:01,  5.36it/s]
 92%|█████████▏| 46/50 [00:08<00:00,  6.98it/s]
 94%|█████████▍| 47/50 [00:08<00:00,  5.32it/s]
 98%|█████████▊| 49/50 [00:08<00:00,  7.09it/s]
100%|██████████| 50/50 [00:08<00:00,  5.63it/s]
