实际特征维度: 770
E005 | Ltr 1.93  Acc 0.964  AUC 0.993 | Val Acc 0.918  AUC 0.980
E010 | Ltr 0.98  Acc 0.979  AUC 0.998 | Val Acc 0.929  AUC 0.986
E015 | Ltr 1.41  Acc 0.973  AUC 0.996 | Val Acc 0.853  AUC 0.972
E020 | Ltr 0.77  Acc 0.986  AUC 0.999 | Val Acc 0.914  AUC 0.977
E025 | Ltr 0.63  Acc 0.993  AUC 1.000 | Val Acc 0.934  AUC 0.985
E030 | Ltr 1.36  Acc 0.969  AUC 0.996 | Val Acc 0.804  AUC 0.985
E035 | Ltr 1.09  Acc 0.984  AUC 0.998 | Val Acc 0.943  AUC 0.982
E040 | Ltr 2.80  Acc 0.982  AUC 0.998 | Val Acc 0.949  AUC 0.987
E045 | Ltr 1.14  Acc 0.980  AUC 0.998 | Val Acc 0.921  AUC 0.981
E050 | Ltr 0.56  Acc 0.992  AUC 1.000 | Val Acc 0.938  AUC 0.987
>>> Test  Acc 0.9428  F1 0.9415  AUC 0.9856

ERRORS:

  0%|          | 0/50 [00:00<?, ?it/s]
  2%|▏         | 1/50 [00:07<06:21,  7.78s/it]
  4%|▍         | 2/50 [00:18<07:38,  9.56s/it]
  6%|▌         | 3/50 [00:27<07:06,  9.08s/it]
  8%|▊         | 4/50 [00:35<06:41,  8.73s/it]
 10%|█         | 5/50 [00:44<06:33,  8.74s/it]
 12%|█▏        | 6/50 [00:55<07:09,  9.76s/it]
 14%|█▍        | 7/50 [01:04<06:41,  9.35s/it]
 16%|█▌        | 8/50 [01:16<07:11, 10.28s/it]
 18%|█▊        | 9/50 [01:27<07:06, 10.39s/it]
 20%|██        | 10/50 [01:34<06:23,  9.58s/it]
 22%|██▏       | 11/50 [01:43<05:58,  9.18s/it]
 24%|██▍       | 12/50 [01:53<05:59,  9.45s/it]
 26%|██▌       | 13/50 [02:03<06:01,  9.77s/it]
 28%|██▊       | 14/50 [02:14<06:06, 10.17s/it]
 30%|███       | 15/50 [02:25<06:05, 10.44s/it]
 32%|███▏      | 16/50 [02:34<05:36,  9.90s/it]
 34%|███▍      | 17/50 [02:44<05:25,  9.87s/it]
 36%|███▌      | 18/50 [02:51<04:50,  9.08s/it]
 38%|███▊      | 19/50 [03:02<05:01,  9.73s/it]
 40%|████      | 20/50 [03:10<04:28,  8.95s/it]
 42%|████▏     | 21/50 [03:19<04:22,  9.04s/it]
 44%|████▍     | 22/50 [03:30<04:27,  9.54s/it]
 46%|████▌     | 23/50 [03:38<04:08,  9.21s/it]
 48%|████▊     | 24/50 [03:47<04:01,  9.29s/it]
 50%|█████     | 25/50 [03:58<03:59,  9.59s/it]
 52%|█████▏    | 26/50 [04:04<03:25,  8.56s/it]
 54%|█████▍    | 27/50 [04:16<03:41,  9.64s/it]
 56%|█████▌    | 28/50 [04:28<03:44, 10.20s/it]
 58%|█████▊    | 29/50 [04:34<03:09,  9.01s/it]
 60%|██████    | 30/50 [04:44<03:07,  9.39s/it]
 62%|██████▏   | 31/50 [04:56<03:10, 10.03s/it]
 64%|██████▍   | 32/50 [05:02<02:39,  8.84s/it]
 66%|██████▌   | 33/50 [05:11<02:32,  8.97s/it]
 68%|██████▊   | 34/50 [05:18<02:13,  8.37s/it]
 70%|███████   | 35/50 [05:24<01:56,  7.75s/it]
 72%|███████▏  | 36/50 [05:36<02:05,  8.95s/it]
 74%|███████▍  | 37/50 [05:48<02:08,  9.90s/it]
 76%|███████▌  | 38/50 [05:58<02:00, 10.04s/it]
 78%|███████▊  | 39/50 [06:10<01:55, 10.52s/it]
 80%|████████  | 40/50 [06:22<01:49, 10.99s/it]
 82%|████████▏ | 41/50 [06:29<01:28,  9.85s/it]
 84%|████████▍ | 42/50 [06:37<01:12,  9.08s/it]
 86%|████████▌ | 43/50 [06:49<01:11, 10.22s/it]
 88%|████████▊ | 44/50 [06:58<00:58,  9.69s/it]
 90%|█████████ | 45/50 [07:05<00:44,  8.97s/it]
 92%|█████████▏| 46/50 [07:16<00:38,  9.65s/it]
 94%|█████████▍| 47/50 [07:28<00:30, 10.14s/it]
 96%|█████████▌| 48/50 [07:39<00:21, 10.60s/it]
 98%|█████████▊| 49/50 [07:52<00:11, 11.31s/it]
100%|██████████| 50/50 [08:00<00:00, 10.16s/it]
100%|██████████| 50/50 [08:00<00:00,  9.61s/it]
