实际特征维度: 770
E005 | Ltr 3.33  Acc 0.953  AUC 0.986 | Val Acc 0.881  AUC 0.980
E010 | Ltr 1.67  Acc 0.971  AUC 0.994 | Val Acc 0.938  AUC 0.988
E015 | Ltr 1.05  Acc 0.984  AUC 0.998 | Val Acc 0.896  AUC 0.985
E020 | Ltr 0.81  Acc 0.989  AUC 0.999 | Val Acc 0.952  AUC 0.991
E025 | Ltr 1.62  Acc 0.975  AUC 0.997 | Val Acc 0.835  AUC 0.982
E030 | Ltr 2.89  Acc 0.990  AUC 0.999 | Val Acc 0.934  AUC 0.987
E035 | Ltr 1.18  Acc 0.979  AUC 0.997 | Val Acc 0.947  AUC 0.987
E040 | Ltr 0.48  Acc 0.997  AUC 1.000 | Val Acc 0.958  AUC 0.989
E045 | Ltr 0.67  Acc 0.995  AUC 1.000 | Val Acc 0.954  AUC 0.989
E050 | Ltr 0.54  Acc 0.993  AUC 1.000 | Val Acc 0.958  AUC 0.985
>>> Test  Acc 0.9496  F1 0.9488  AUC 0.9845

ERRORS:

  0%|          | 0/50 [00:00<?, ?it/s]
  2%|▏         | 1/50 [00:08<06:39,  8.16s/it]
  4%|▍         | 2/50 [00:18<07:45,  9.70s/it]
  6%|▌         | 3/50 [00:25<06:27,  8.25s/it]
  8%|▊         | 4/50 [00:36<07:10,  9.36s/it]
 10%|█         | 5/50 [00:46<07:04,  9.43s/it]
 12%|█▏        | 6/50 [00:54<06:44,  9.20s/it]
 14%|█▍        | 7/50 [01:03<06:32,  9.13s/it]
 16%|█▌        | 8/50 [01:12<06:13,  8.89s/it]
 18%|█▊        | 9/50 [01:20<05:58,  8.73s/it]
 20%|██        | 10/50 [01:29<05:46,  8.67s/it]
 22%|██▏       | 11/50 [01:38<05:48,  8.92s/it]
 24%|██▍       | 12/50 [01:47<05:34,  8.80s/it]
 26%|██▌       | 13/50 [01:56<05:34,  9.05s/it]
 28%|██▊       | 14/50 [02:07<05:43,  9.54s/it]
 30%|███       | 15/50 [02:16<05:32,  9.50s/it]
 32%|███▏      | 16/50 [02:28<05:46, 10.18s/it]
 34%|███▍      | 17/50 [02:37<05:22,  9.77s/it]
 36%|███▌      | 18/50 [02:43<04:37,  8.68s/it]
 38%|███▊      | 19/50 [02:56<05:05,  9.87s/it]
 40%|████      | 20/50 [03:08<05:18, 10.62s/it]
 42%|████▏     | 21/50 [03:18<05:00, 10.35s/it]
 44%|████▍     | 22/50 [03:27<04:40, 10.03s/it]
 46%|████▌     | 23/50 [03:38<04:40, 10.38s/it]
 48%|████▊     | 24/50 [03:49<04:34, 10.57s/it]
 50%|█████     | 25/50 [04:00<04:28, 10.74s/it]
 52%|█████▏    | 26/50 [04:10<04:06, 10.26s/it]
 54%|█████▍    | 27/50 [04:18<03:45,  9.79s/it]
 56%|█████▌    | 28/50 [04:29<03:42, 10.12s/it]
 58%|█████▊    | 29/50 [04:37<03:19,  9.48s/it]
 60%|██████    | 30/50 [04:47<03:10,  9.53s/it]
 62%|██████▏   | 31/50 [04:57<03:06,  9.84s/it]
 64%|██████▍   | 32/50 [05:06<02:53,  9.61s/it]
 66%|██████▌   | 33/50 [05:17<02:48,  9.91s/it]
 68%|██████▊   | 34/50 [05:26<02:34,  9.65s/it]
 70%|███████   | 35/50 [05:38<02:34, 10.33s/it]
 72%|███████▏  | 36/50 [05:46<02:14,  9.60s/it]
 74%|███████▍  | 37/50 [05:57<02:11, 10.08s/it]
 76%|███████▌  | 38/50 [06:06<01:58,  9.89s/it]
 78%|███████▊  | 39/50 [06:16<01:46,  9.70s/it]
 80%|████████  | 40/50 [06:24<01:33,  9.37s/it]
 82%|████████▏ | 41/50 [06:32<01:20,  8.95s/it]
 84%|████████▍ | 42/50 [06:41<01:10,  8.85s/it]
 86%|████████▌ | 43/50 [06:50<01:01,  8.85s/it]
 88%|████████▊ | 44/50 [06:58<00:51,  8.66s/it]
 90%|█████████ | 45/50 [07:08<00:44,  8.92s/it]
 92%|█████████▏| 46/50 [07:18<00:37,  9.26s/it]
 94%|█████████▍| 47/50 [07:29<00:29,  9.85s/it]
 96%|█████████▌| 48/50 [07:36<00:18,  9.02s/it]
 98%|█████████▊| 49/50 [07:44<00:08,  8.83s/it]
100%|██████████| 50/50 [07:53<00:00,  8.87s/it]
100%|██████████| 50/50 [07:53<00:00,  9.47s/it]
