实际特征维度: 770
E005 | Ltr 0.28  Acc 0.887  AUC 0.995 | Val Acc 0.548  AUC 0.596
E010 | Ltr 0.12  Acc 1.000  AUC 1.000 | Val Acc 0.613  AUC 0.794
E015 | Ltr 0.05  Acc 1.000  AUC 1.000 | Val Acc 0.516  AUC 0.776
E020 | Ltr 0.02  Acc 1.000  AUC 1.000 | Val Acc 0.774  AUC 0.807
E025 | Ltr 0.01  Acc 1.000  AUC 1.000 | Val Acc 0.677  AUC 0.807
E030 | Ltr 0.01  Acc 1.000  AUC 1.000 | Val Acc 0.677  AUC 0.772
>>> Test  Acc 0.8597  F1 0.8581  AUC 0.9432

ERRORS:

  0%|          | 0/30 [00:00<?, ?it/s]
  3%|▎         | 1/30 [00:00<00:11,  2.55it/s]
  7%|▋         | 2/30 [00:01<00:19,  1.45it/s]
 10%|█         | 3/30 [00:02<00:19,  1.40it/s]
 13%|█▎        | 4/30 [00:02<00:18,  1.42it/s]
 17%|█▋        | 5/30 [00:03<00:15,  1.65it/s]
 20%|██        | 6/30 [00:04<00:18,  1.32it/s]
 23%|██▎       | 7/30 [00:05<00:19,  1.18it/s]
 27%|██▋       | 8/30 [00:05<00:14,  1.55it/s]
 30%|███       | 9/30 [00:06<00:14,  1.48it/s]
 33%|███▎      | 10/30 [00:06<00:12,  1.64it/s]
 37%|███▋      | 11/30 [00:07<00:10,  1.81it/s]
 40%|████      | 12/30 [00:07<00:09,  1.82it/s]
 43%|████▎     | 13/30 [00:08<00:11,  1.43it/s]
 47%|████▋     | 14/30 [00:09<00:10,  1.60it/s]
 50%|█████     | 15/30 [00:09<00:07,  2.06it/s]
 53%|█████▎    | 16/30 [00:10<00:08,  1.61it/s]
 57%|█████▋    | 17/30 [00:10<00:07,  1.77it/s]
 60%|██████    | 18/30 [00:11<00:08,  1.45it/s]
 63%|██████▎   | 19/30 [00:12<00:07,  1.46it/s]
 67%|██████▋   | 20/30 [00:12<00:06,  1.47it/s]
 70%|███████   | 21/30 [00:13<00:04,  1.93it/s]
 73%|███████▎  | 22/30 [00:13<00:04,  1.71it/s]
 77%|███████▋  | 23/30 [00:14<00:03,  1.82it/s]
 80%|████████  | 24/30 [00:15<00:04,  1.47it/s]
 83%|████████▎ | 25/30 [00:16<00:03,  1.43it/s]
 87%|████████▋ | 26/30 [00:16<00:02,  1.47it/s]
 90%|█████████ | 27/30 [00:17<00:02,  1.43it/s]
 93%|█████████▎| 28/30 [00:18<00:01,  1.25it/s]
 97%|█████████▋| 29/30 [00:18<00:00,  1.66it/s]
100%|██████████| 30/30 [00:19<00:00,  1.37it/s]
100%|██████████| 30/30 [00:19<00:00,  1.53it/s]
