实际特征维度: 770
E005 | Ltr 0.28  Acc 0.952  AUC 0.991 | Val Acc 0.742  AUC 0.785
E010 | Ltr 0.10  Acc 1.000  AUC 1.000 | Val Acc 0.742  AUC 0.846
E015 | Ltr 0.04  Acc 1.000  AUC 1.000 | Val Acc 0.613  AUC 0.886
E020 | Ltr 0.02  Acc 1.000  AUC 1.000 | Val Acc 0.742  AUC 0.864
E025 | Ltr 0.01  Acc 1.000  AUC 1.000 | Val Acc 0.774  AUC 0.864
E030 | Ltr 0.01  Acc 1.000  AUC 1.000 | Val Acc 0.774  AUC 0.864
>>> Test  Acc 0.7964  F1 0.7939  AUC 0.8860

ERRORS:

  0%|          | 0/30 [00:00<?, ?it/s]
  3%|▎         | 1/30 [00:00<00:08,  3.45it/s]
  7%|▋         | 2/30 [00:00<00:05,  4.79it/s]
 10%|█         | 3/30 [00:01<00:15,  1.75it/s]
 13%|█▎        | 4/30 [00:02<00:18,  1.39it/s]
 17%|█▋        | 5/30 [00:02<00:14,  1.70it/s]
 20%|██        | 6/30 [00:03<00:15,  1.55it/s]
 23%|██▎       | 7/30 [00:03<00:11,  1.96it/s]
 27%|██▋       | 8/30 [00:04<00:12,  1.74it/s]
 30%|███       | 9/30 [00:05<00:12,  1.69it/s]
 33%|███▎      | 10/30 [00:05<00:10,  1.85it/s]
 37%|███▋      | 11/30 [00:06<00:12,  1.53it/s]
 40%|████      | 12/30 [00:06<00:09,  2.00it/s]
 43%|████▎     | 13/30 [00:07<00:09,  1.81it/s]
 47%|████▋     | 14/30 [00:07<00:09,  1.64it/s]
 50%|█████     | 15/30 [00:08<00:09,  1.54it/s]
 53%|█████▎    | 16/30 [00:09<00:09,  1.47it/s]
 57%|█████▋    | 17/30 [00:10<00:09,  1.43it/s]
 60%|██████    | 18/30 [00:10<00:07,  1.68it/s]
 63%|██████▎   | 19/30 [00:11<00:07,  1.56it/s]
 67%|██████▋   | 20/30 [00:11<00:05,  1.75it/s]
 70%|███████   | 21/30 [00:12<00:05,  1.78it/s]
 73%|███████▎  | 22/30 [00:13<00:05,  1.44it/s]
 77%|███████▋  | 23/30 [00:13<00:03,  1.88it/s]
 80%|████████  | 24/30 [00:14<00:03,  1.70it/s]
 83%|████████▎ | 25/30 [00:14<00:03,  1.58it/s]
 87%|████████▋ | 26/30 [00:15<00:02,  1.95it/s]
 90%|█████████ | 27/30 [00:15<00:01,  1.62it/s]
 93%|█████████▎| 28/30 [00:16<00:01,  1.53it/s]
 97%|█████████▋| 29/30 [00:17<00:00,  1.54it/s]
100%|██████████| 30/30 [00:17<00:00,  1.58it/s]
100%|██████████| 30/30 [00:17<00:00,  1.67it/s]
