实际特征维度: 770
E005 | Ltr 0.33  Acc 0.887  AUC 0.965 | Val Acc 0.581  AUC 0.933
E010 | Ltr 0.10  Acc 0.984  AUC 1.000 | Val Acc 0.871  AUC 0.963
E015 | Ltr 0.03  Acc 1.000  AUC 1.000 | Val Acc 0.903  AUC 0.979
E020 | Ltr 0.01  Acc 1.000  AUC 1.000 | Val Acc 0.871  AUC 0.983
E025 | Ltr 0.01  Acc 1.000  AUC 1.000 | Val Acc 0.871  AUC 0.975
E030 | Ltr 0.00  Acc 1.000  AUC 1.000 | Val Acc 0.935  AUC 0.979
>>> Test  Acc 0.8371  F1 0.8345  AUC 0.9084

ERRORS:

  0%|          | 0/30 [00:00<?, ?it/s]
  3%|▎         | 1/30 [00:00<00:20,  1.41it/s]
  7%|▋         | 2/30 [00:01<00:23,  1.20it/s]
 10%|█         | 3/30 [00:02<00:24,  1.11it/s]
 13%|█▎        | 4/30 [00:03<00:23,  1.11it/s]
 17%|█▋        | 5/30 [00:04<00:20,  1.24it/s]
 20%|██        | 6/30 [00:04<00:19,  1.25it/s]
 23%|██▎       | 7/30 [00:05<00:14,  1.54it/s]
 27%|██▋       | 8/30 [00:05<00:14,  1.52it/s]
 30%|███       | 9/30 [00:06<00:13,  1.51it/s]
 33%|███▎      | 10/30 [00:07<00:13,  1.50it/s]
 37%|███▋      | 11/30 [00:07<00:12,  1.56it/s]
 40%|████      | 12/30 [00:08<00:11,  1.62it/s]
 43%|████▎     | 13/30 [00:09<00:12,  1.39it/s]
 47%|████▋     | 14/30 [00:09<00:08,  1.78it/s]
 50%|█████     | 15/30 [00:09<00:06,  2.25it/s]
 53%|█████▎    | 16/30 [00:10<00:08,  1.64it/s]
 57%|█████▋    | 17/30 [00:10<00:06,  2.12it/s]
 60%|██████    | 18/30 [00:11<00:06,  1.76it/s]
 63%|██████▎   | 19/30 [00:12<00:06,  1.77it/s]
 67%|██████▋   | 20/30 [00:12<00:05,  1.68it/s]
 70%|███████   | 21/30 [00:13<00:05,  1.55it/s]
 73%|███████▎  | 22/30 [00:14<00:05,  1.52it/s]
 77%|███████▋  | 23/30 [00:15<00:04,  1.48it/s]
 80%|████████  | 24/30 [00:15<00:03,  1.51it/s]
 83%|████████▎ | 25/30 [00:16<00:03,  1.49it/s]
 87%|████████▋ | 26/30 [00:17<00:02,  1.48it/s]
 90%|█████████ | 27/30 [00:17<00:02,  1.48it/s]
 93%|█████████▎| 28/30 [00:18<00:01,  1.31it/s]
 97%|█████████▋| 29/30 [00:19<00:00,  1.42it/s]
100%|██████████| 30/30 [00:19<00:00,  1.43it/s]
100%|██████████| 30/30 [00:19<00:00,  1.50it/s]
