Namespace(seed=43, device='cuda:0', dataset='politifact', batch_size=64, lr=0.01, weight_decay=0.01, nhid=128, dropout_ratio=0.0, epochs=30, concat=True, multi_gpu=False, feature='bert', model='sage', analysis_mode='none', num_classes=2, num_features=768)
loss_train: 0.6904, acc_train: 0.5645, recall_train: 0.7647, auc_train: 0.5683, loss_val: 3.1204, acc_val: 0.3871, recall_val: 1.0000, auc_val: 0.6974
loss_train: 2.1646, acc_train: 0.5484, recall_train: 1.0000, auc_train: 0.8650, loss_val: 0.6658, acc_val: 0.6129, recall_val: 0.0000, auc_val: 0.5570
loss_train: 0.7301, acc_train: 0.4516, recall_train: 0.0000, auc_train: 0.7038, loss_val: 0.6633, acc_val: 0.6129, recall_val: 0.0000, auc_val: 0.6930
loss_train: 0.6832, acc_train: 0.4516, recall_train: 0.0000, auc_train: 0.8729, loss_val: 0.8103, acc_val: 0.3871, recall_val: 1.0000, auc_val: 0.7193
loss_train: 0.6902, acc_train: 0.5484, recall_train: 1.0000, auc_train: 0.8540, loss_val: 0.6846, acc_val: 0.4516, recall_val: 0.9167, auc_val: 0.7719
loss_train: 0.6368, acc_train: 0.8226, recall_train: 0.9412, auc_train: 0.9433, loss_val: 0.6398, acc_val: 0.8065, recall_val: 0.5000, auc_val: 0.7544
loss_train: 0.6209, acc_train: 0.6452, recall_train: 0.3529, auc_train: 0.9380, loss_val: 0.7226, acc_val: 0.3871, recall_val: 1.0000, auc_val: 0.7895
loss_train: 0.5677, acc_train: 0.7097, recall_train: 1.0000, auc_train: 0.9601, loss_val: 0.6582, acc_val: 0.6129, recall_val: 0.9167, auc_val: 0.7851
loss_train: 0.4983, acc_train: 0.9032, recall_train: 0.9412, auc_train: 0.9622, loss_val: 0.6095, acc_val: 0.6774, recall_val: 0.8333, auc_val: 0.7807
loss_train: 0.4174, acc_train: 0.8871, recall_train: 0.8824, auc_train: 0.9632, loss_val: 0.9347, acc_val: 0.3871, recall_val: 0.9167, auc_val: 0.8026
loss_train: 0.3900, acc_train: 0.8065, recall_train: 1.0000, auc_train: 0.9748, loss_val: 0.5584, acc_val: 0.8065, recall_val: 0.5000, auc_val: 0.7895
loss_train: 0.5203, acc_train: 0.7258, recall_train: 0.5000, auc_train: 0.9727, loss_val: 0.7698, acc_val: 0.5806, recall_val: 0.9167, auc_val: 0.8026
loss_train: 0.2498, acc_train: 0.9194, recall_train: 0.9706, auc_train: 0.9821, loss_val: 1.2773, acc_val: 0.3871, recall_val: 0.9167, auc_val: 0.8070
loss_train: 0.3850, acc_train: 0.7903, recall_train: 1.0000, auc_train: 0.9863, loss_val: 0.6351, acc_val: 0.7097, recall_val: 0.9167, auc_val: 0.8026
loss_train: 0.1930, acc_train: 0.9355, recall_train: 0.9412, auc_train: 0.9895, loss_val: 0.5422, acc_val: 0.8065, recall_val: 0.5833, auc_val: 0.7851
loss_train: 0.3067, acc_train: 0.8548, recall_train: 0.7353, auc_train: 0.9895, loss_val: 0.5993, acc_val: 0.7097, recall_val: 0.8333, auc_val: 0.8026
loss_train: 0.1671, acc_train: 0.9355, recall_train: 0.9118, auc_train: 0.9926, loss_val: 1.0483, acc_val: 0.4516, recall_val: 0.9167, auc_val: 0.8158
loss_train: 0.2014, acc_train: 0.9355, recall_train: 1.0000, auc_train: 0.9937, loss_val: 1.0385, acc_val: 0.4839, recall_val: 0.9167, auc_val: 0.8202
loss_train: 0.1759, acc_train: 0.9355, recall_train: 1.0000, auc_train: 0.9968, loss_val: 0.6198, acc_val: 0.6774, recall_val: 0.7500, auc_val: 0.8158
loss_train: 0.1141, acc_train: 0.9516, recall_train: 0.9412, auc_train: 0.9979, loss_val: 0.5765, acc_val: 0.7419, recall_val: 0.6667, auc_val: 0.8070
loss_train: 0.1500, acc_train: 0.9516, recall_train: 0.9118, auc_train: 0.9989, loss_val: 0.6636, acc_val: 0.6774, recall_val: 0.7500, auc_val: 0.8202
loss_train: 0.0775, acc_train: 0.9677, recall_train: 0.9706, auc_train: 0.9989, loss_val: 0.9963, acc_val: 0.5484, recall_val: 0.9167, auc_val: 0.8333
loss_train: 0.0972, acc_train: 0.9677, recall_train: 1.0000, auc_train: 1.0000, loss_val: 0.9043, acc_val: 0.6452, recall_val: 0.9167, auc_val: 0.8377
loss_train: 0.0689, acc_train: 0.9839, recall_train: 1.0000, auc_train: 1.0000, loss_val: 0.6471, acc_val: 0.7097, recall_val: 0.7500, auc_val: 0.8289
loss_train: 0.0472, acc_train: 1.0000, recall_train: 1.0000, auc_train: 1.0000, loss_val: 0.5967, acc_val: 0.7419, recall_val: 0.6667, auc_val: 0.8246
loss_train: 0.0634, acc_train: 1.0000, recall_train: 1.0000, auc_train: 1.0000, loss_val: 0.6629, acc_val: 0.7419, recall_val: 0.8333, auc_val: 0.8333
loss_train: 0.0308, acc_train: 1.0000, recall_train: 1.0000, auc_train: 1.0000, loss_val: 0.9170, acc_val: 0.6129, recall_val: 0.8333, auc_val: 0.8246
loss_train: 0.0399, acc_train: 1.0000, recall_train: 1.0000, auc_train: 1.0000, loss_val: 0.8702, acc_val: 0.6774, recall_val: 0.8333, auc_val: 0.8289
loss_train: 0.0309, acc_train: 1.0000, recall_train: 1.0000, auc_train: 1.0000, loss_val: 0.6408, acc_val: 0.7097, recall_val: 0.8333, auc_val: 0.8333
loss_train: 0.0208, acc_train: 1.0000, recall_train: 1.0000, auc_train: 1.0000, loss_val: 0.5842, acc_val: 0.8065, recall_val: 0.8333, auc_val: 0.8333
Test set results: acc: 0.7602, f1_macro: 0.7578, f1_micro: 0.7602, precision: 0.8030, recall: 0.6922, auc: 0.8860, ap: 0.8740

ERRORS:
/home/asu/miniconda3/lib/python3.12/site-packages/torch_geometric/deprecation.py:26: UserWarning: 'data.DataLoader' is deprecated, use 'loader.DataLoader' instead
  warnings.warn(out)

  0%|          | 0/30 [00:00<?, ?it/s]
  3%|▎         | 1/30 [00:00<00:09,  3.06it/s]
  7%|▋         | 2/30 [00:00<00:10,  2.74it/s]
 13%|█▎        | 4/30 [00:00<00:04,  5.47it/s]
 17%|█▋        | 5/30 [00:01<00:06,  4.13it/s]
 23%|██▎       | 7/30 [00:01<00:05,  4.22it/s]
 30%|███       | 9/30 [00:01<00:03,  5.78it/s]
 33%|███▎      | 10/30 [00:02<00:04,  4.53it/s]
 43%|████▎     | 13/30 [00:02<00:03,  4.67it/s]
 50%|█████     | 15/30 [00:03<00:03,  4.63it/s]
 57%|█████▋    | 17/30 [00:03<00:03,  4.31it/s]
 63%|██████▎   | 19/30 [00:03<00:01,  5.63it/s]
 67%|██████▋   | 20/30 [00:04<00:02,  4.67it/s]
 70%|███████   | 21/30 [00:04<00:02,  3.98it/s]
 73%|███████▎  | 22/30 [00:05<00:02,  3.50it/s]
 77%|███████▋  | 23/30 [00:05<00:02,  2.89it/s]
 83%|████████▎ | 25/30 [00:06<00:01,  3.46it/s]
 87%|████████▋ | 26/30 [00:06<00:01,  3.20it/s]
 93%|█████████▎| 28/30 [00:07<00:00,  3.29it/s]
100%|██████████| 30/30 [00:07<00:00,  3.70it/s]
100%|██████████| 30/30 [00:07<00:00,  4.01it/s]
